<?xml version="1.0" encoding="UTF-8"?>
<!-- Generated by org.testng.reporters.JUnitReportReporter -->
<testsuite hostname="lenovo-PC" failures="0" tests="1" name="DriverFactory.AppTest" time="168.381" errors="0" timestamp="12 Apr 2024 08:12:34 GMT" skipped="0">
  <testcase classname="DriverFactory.AppTest" name="startTest" time="168.381"/>
</testsuite> <!-- DriverFactory.AppTest -->
